<?xml version="1.0" encoding="UTF-8"?>
<testsuite xmlns:xsi="http://www.w3.org/2001/XMLSchema-instance" xsi:schemaLocation="https://maven.apache.org/surefire/maven-surefire-plugin/xsd/surefire-test-report.xsd" name="testing.vip18.MavenVipJunit18.LoginJunitTest" time="0.036" tests="6" errors="0" skipped="0" failures="3">
  <properties>
[...]
</properties>
  <testcase name="test1[用户名roy，密码123456,预期恭喜]" classname="testing.vip18.MavenVipJunit18.LoginJunitTest" time="0.009">
    <failure message="登录测试的结果为 expected:&lt;恭喜[]&gt; but was:&lt;恭喜[您，登录成功]&gt;" type="org.junit.ComparisonFailure"><![CDATA[org.junit.ComparisonFailure: 登录测试的结果为 expected:<恭喜[]> but was:<恭喜[您，登录成功]>
	at testing.vip18.MavenVipJunit18.LoginJunitTest.test1(LoginJunitTest.java:51)
]]></failure>
    <system-out><![CDATA[----------测试前准备，完成ls实例化---------------
恭喜您，登录成功！！
]]></system-out>
  </testcase>
  <testcase name="test1[用户名roy123，密码123456,预期用户名或密码错误]" classname="testing.vip18.MavenVipJunit18.LoginJunitTest" time="0.01"/>
  <testcase name="test1[用户名roy，密码12344444444444444888,预期用户名或密码长是3--16位]" classname="testing.vip18.MavenVipJunit18.LoginJunitTest" time="0.003"/>
  <testcase name="test1[用户名null，密码1234,预期用户名或密码不能为空]" classname="testing.vip18.MavenVipJunit18.LoginJunitTest" time="0.002"/>
  <testcase name="test1[用户名Roy，密码123456,预期恭喜您，登录成功]" classname="testing.vip18.MavenVipJunit18.LoginJunitTest" time="0.005">
    <failure message="登录测试的结果为 expected:&lt;[恭喜您，登录成功]&gt; but was:&lt;[用户名或密码错误]&gt;" type="org.junit.ComparisonFailure"><![CDATA[org.junit.ComparisonFailure: 登录测试的结果为 expected:<[恭喜您，登录成功]> but was:<[用户名或密码错误]>
	at testing.vip18.MavenVipJunit18.LoginJunitTest.test1(LoginJunitTest.java:51)
]]></failure>
    <system-out><![CDATA[用户名或密码错误
]]></system-out>
  </testcase>
  <testcase name="test1[用户名riiw，密码1234567,预期  ]" classname="testing.vip18.MavenVipJunit18.LoginJunitTest" time="0.005">
    <failure message="登录测试的结果为 expected:&lt;[  ]&gt; but was:&lt;[用户名或密码错误]&gt;" type="org.junit.ComparisonFailure"><![CDATA[org.junit.ComparisonFailure: 登录测试的结果为 expected:<[  ]> but was:<[用户名或密码错误]>
	at testing.vip18.MavenVipJunit18.LoginJunitTest.test1(LoginJunitTest.java:51)
]]></failure>
    <system-out><![CDATA[用户名或密码错误
]]></system-out>
  </testcase>
</testsuite>